<?xml version="1.0" encoding="UTF-8"?>
<!-- Generated by org.testng.reporters.JUnitReportReporter -->
<testsuite hostname="cloudchen-x240s" name="info.cloudits.webdriver.testngday8" tests="1" failures="0" timestamp="23 Mar 2015 03:11:14 GMT" time="1.932" errors="0">
  <testcase name="f" time="1.932" classname="info.cloudits.webdriver.testngday8"/>
</testsuite> <!-- info.cloudits.webdriver.testngday8 -->
